<?xml version="1.0" encoding="UTF-8"?>
<testng-results ignored="0" total="6" passed="6" failed="0" skipped="0">
  <reporter-output>
  </reporter-output>
  <suite started-at="2023-07-08T10:09:53 EDT" name="Default suite" finished-at="2023-07-08T10:09:59 EDT" duration-ms="5730">
    <groups>
    </groups>
    <test started-at="2023-07-08T10:09:53 EDT" name="Default test" finished-at="2023-07-08T10:09:59 EDT" duration-ms="5730">
      <class name="Chapters.Chapter01.FirstChapterTests">
        <test-method signature="inspectAllNodesInResponse()[pri:0, instance:Chapters.Chapter01.FirstChapterTests@4212a0c8]" started-at="2023-07-08T10:09:53 EDT" name="inspectAllNodesInResponse" finished-at="2023-07-08T10:09:55 EDT" duration-ms="1573" status="PASS">
          <reporter-output>
          </reporter-output>
        </test-method> <!-- inspectAllNodesInResponse -->
        <test-method signature="sendAGETRequestAndRetrieveValueFromBody()[pri:0, instance:Chapters.Chapter01.FirstChapterTests@4212a0c8]" started-at="2023-07-08T10:09:55 EDT" name="sendAGETRequestAndRetrieveValueFromBody" finished-at="2023-07-08T10:09:55 EDT" duration-ms="309" status="PASS">
          <reporter-output>
          </reporter-output>
        </test-method> <!-- sendAGETRequestAndRetrieveValueFromBody -->
        <test-method signature="sendAGETRequestAndStoreTheResponse()[pri:0, instance:Chapters.Chapter01.FirstChapterTests@4212a0c8]" started-at="2023-07-08T10:09:55 EDT" name="sendAGETRequestAndStoreTheResponse" finished-at="2023-07-08T10:09:55 EDT" duration-ms="241" status="PASS">
          <reporter-output>
          </reporter-output>
        </test-method> <!-- sendAGETRequestAndStoreTheResponse -->
        <test-method signature="sendAGETRequestAndValidateResponse()[pri:0, instance:Chapters.Chapter01.FirstChapterTests@4212a0c8]" started-at="2023-07-08T10:09:55 EDT" name="sendAGETRequestAndValidateResponse" finished-at="2023-07-08T10:09:56 EDT" duration-ms="300" status="PASS">
          <reporter-output>
          </reporter-output>
        </test-method> <!-- sendAGETRequestAndValidateResponse -->
        <test-method signature="sendAGETRequestByPassingQueryParameterInURL()[pri:0, instance:Chapters.Chapter01.FirstChapterTests@4212a0c8]" started-at="2023-07-08T10:09:56 EDT" name="sendAGETRequestByPassingQueryParameterInURL" finished-at="2023-07-08T10:09:56 EDT" duration-ms="277" status="PASS">
          <reporter-output>
          </reporter-output>
        </test-method> <!-- sendAGETRequestByPassingQueryParameterInURL -->
        <test-method signature="testPetstoreAPI()[pri:0, instance:Chapters.Chapter01.FirstChapterTests@4212a0c8]" started-at="2023-07-08T10:09:56 EDT" name="testPetstoreAPI" finished-at="2023-07-08T10:09:59 EDT" duration-ms="2932" status="PASS">
          <reporter-output>
          </reporter-output>
        </test-method> <!-- testPetstoreAPI -->
      </class> <!-- Chapters.Chapter01.FirstChapterTests -->
    </test> <!-- Default test -->
  </suite> <!-- Default suite -->
</testng-results>
